<html>
<head>
<title>TestNG:  Default test</title>
<link href="../testng.css" rel="stylesheet" type="text/css" />
<link href="../my-testng.css" rel="stylesheet" type="text/css" />

<style type="text/css">
.log { display: none;} 
.stack-trace { display: none;} 
</style>
<script type="text/javascript">
<!--
function flip(e) {
  current = e.style.display;
  if (current == 'block') {
    e.style.display = 'none';
    return 0;
  }
  else {
    e.style.display = 'block';
    return 1;
  }
}

function toggleBox(szDivId, elem, msg1, msg2)
{
  var res = -1;  if (document.getElementById) {
    res = flip(document.getElementById(szDivId));
  }
  else if (document.all) {
    // this is the way old msie versions work
    res = flip(document.all[szDivId]);
  }
  if(elem) {
    if(res == 0) elem.innerHTML = msg1; else elem.innerHTML = msg2;
  }

}

function toggleAllBoxes() {
  if (document.getElementsByTagName) {
    d = document.getElementsByTagName('div');
    for (i = 0; i < d.length; i++) {
      if (d[i].className == 'log') {
        flip(d[i]);
      }
    }
  }
}

// -->
</script>

</head>
<body>
<h2 align='center'>Default test</h2><table border='1' align="center">
<tr>
<td>Tests passed/Failed/Skipped:</td><td>0/1/0</td>
</tr><tr>
<td>Started on:</td><td>Sat Aug 03 03:37:35 IST 2024</td>
</tr>
<tr><td>Total time:</td><td>9 seconds (9012 ms)</td>
</tr><tr>
<td>Included groups:</td><td></td>
</tr><tr>
<td>Excluded groups:</td><td></td>
</tr>
</table><p/>
<small><i>(Hover the method name to see the test class name)</i></small><p/>
<table width='100%' border='1' class='invocation-failed'>
<tr><td colspan='4' align='center'><b>FAILED TESTS</b></td></tr>
<tr><td><b>Test method</b></td>
<td><b>Attribute(s)</b></td>
<td width="30%"><b>Exception</b></td>
<td width="10%"><b>Time (seconds)</b></td>
<td><b>Instance</b></td>
</tr>
<tr>
<td title='cucumber.TestNGTestRunner.runScenario()'><b>runScenario</b><br>Test class: cucumber.TestNGTestRunner<br>Test method: Runs Cucumber Scenarios<br>Parameters: "positive test of submitting the order", "Purchase the order from Ecommerce Website"</td>
<td><div><pre>java.lang.AssertionError: expected:&lt;THANKYOU FOR THE ORDER.&gt; but was:&lt;Thankyou for the order.&gt;
	at org.testng.AssertJUnit.assertEquals(AssertJUnit.java:115)
	at org.testng.AssertJUnit.assertEquals(AssertJUnit.java:125)
	at saloni.stepDefinition.stepDefinitionimpl.message_is_displayed_on_confirmation_page(stepDefinitionimpl.java:59)
	at ✽.&quot;Thankyou for the order.&quot; message is displayed on confirmationPage(file:///C:/Users/saloni%20jain/eclipse-workspace/projectfarmework/src/test/java/cucumber/PurchaseOrder.feature:32)
</pre></div><a href='#' onClick='toggleBox("stack-trace77163673", this, "Click to show all stack frames", "Click to hide stack frames")'>Click to show all stack frames</a>
<div class='stack-trace' id='stack-trace77163673'><pre>java.lang.AssertionError: expected:&lt;THANKYOU FOR THE ORDER.&gt; but was:&lt;Thankyou for the order.&gt;
	at org.testng.AssertJUnit.assertEquals(AssertJUnit.java:115)
	at org.testng.AssertJUnit.assertEquals(AssertJUnit.java:125)
	at saloni.stepDefinition.stepDefinitionimpl.message_is_displayed_on_confirmation_page(stepDefinitionimpl.java:59)
	at ✽.&quot;Thankyou for the order.&quot; message is displayed on confirmationPage(file:///C:/Users/saloni%20jain/eclipse-workspace/projectfarmework/src/test/java/cucumber/PurchaseOrder.feature:32)
</pre></div></td>
<td>8</td>
<td>cucumber.TestNGTestRunner@7b993c65</td></tr>
</table><p>
</body>
</html>